2026-02-20 03:58:49 INFO     claudify.background.agent: Background agent bg-1 starting build for spec 001
2026-02-20 03:58:49 WARNING  claudify.background.agent: Background agent bg-1 build failed: Build ended in FAILED state
2026-02-20 03:58:49 INFO     claudify.background.agent: Background agent bg-1 finished with status=failed
2026-02-20 05:32:15 INFO     claudify.background.agent: Background agent bg-1 starting build for spec 003
2026-02-20 05:32:15 INFO     claudify.build.planning: Phase 1: Discovery started
2026-02-20 05:32:16 INFO     claudify.build.planning: Project analysis complete: 3 languages, 7 frameworks
2026-02-20 05:32:16 INFO     claudify.agents: Agent 'Discovery' starting
2026-02-20 05:35:08 INFO     claudify.transcript: Saved streaming transcript: /Users/caseysimon/HealthAppTransfer/.claudify/specs/003-set-up-github-actions-cicd-pipeline-with-linting-t/transcripts/discovery_20260220_133217.json
2026-02-20 05:35:08 INFO     claudify.agents: Confidence score for Discovery: 0.795 (needs_review: False)
2026-02-20 05:35:08 INFO     claudify.confidence: Recorded confidence audit: agent=Discovery, score=0.795, action=proceed
2026-02-20 05:35:08 INFO     claudify.agents: Agent 'Discovery' completed in 171.98s
2026-02-20 05:35:08 INFO     claudify.telemetry.agent_metrics: Recorded Discovery execution: ✓ 172.0s (0 tokens)
2026-02-20 05:35:08 INFO     claudify.build.planning: Phase 2: Planning started
2026-02-20 05:35:08 INFO     claudify.agents: Agent 'Planner' starting
2026-02-20 05:36:41 INFO     claudify.transcript: Saved streaming transcript: /Users/caseysimon/HealthAppTransfer/.claudify/specs/003-set-up-github-actions-cicd-pipeline-with-linting-t/transcripts/planner_20260220_133509.json
2026-02-20 05:36:41 INFO     claudify.agents: Confidence score for Planner: 0.781 (needs_review: False)
2026-02-20 05:36:41 INFO     claudify.confidence: Recorded confidence audit: agent=Planner, score=0.781, action=proceed
2026-02-20 05:36:41 INFO     claudify.agents: Agent 'Planner' completed in 93.48s
2026-02-20 05:36:41 INFO     claudify.telemetry.agent_metrics: Recorded Planner execution: ✓ 93.5s (0 tokens)
2026-02-20 05:36:41 INFO     claudify.build.planning: Plan created: 6 subtasks across 3 phases
2026-02-20 05:36:41 ERROR    claudify.build: Internal build failed: Build cancelled
2026-02-20 05:36:41 WARNING  claudify.background.agent: Background agent bg-1 build failed: Build cancelled
2026-02-20 05:36:41 WARNING  claudify.background.agent: Failed to update spec status: cannot import name 'SQLiteSpecRepository' from 'claudify.specs.repository' (/Users/caseysimon/claudify/claudify/specs/repository.py)
2026-02-20 05:36:41 INFO     claudify.background.agent: Background agent bg-1 finished with status=failed
