{"timestamp": "2026-02-20T03:15:40.663987", "type": "Stop", "data": {"session_id": "fae73d81-d1b1-4fa2-869c-25bd293588bb", "cwd": "/Users/caseysimon/HealthAppTransfer", "permission_mode": "bypassPermissions", "stop_hook_active": false}}
{"timestamp": "2026-02-20T03:21:34.958859", "type": "Stop", "data": {"session_id": "fae73d81-d1b1-4fa2-869c-25bd293588bb", "cwd": "/Users/caseysimon/HealthAppTransfer", "permission_mode": "bypassPermissions", "stop_hook_active": false}}
{"timestamp": "2026-02-20T03:28:02.942787", "type": "Stop", "data": {"session_id": "fae73d81-d1b1-4fa2-869c-25bd293588bb", "cwd": "/Users/caseysimon/HealthAppTransfer", "permission_mode": "bypassPermissions", "stop_hook_active": false}}
{"timestamp": "2026-02-20T04:17:19.701237", "type": "Stop", "data": {"session_id": "71b693bc-06dd-4b4d-b1bf-ff71203dff0f", "cwd": "/Users/caseysimon/HealthAppTransfer", "permission_mode": "default", "stop_hook_active": false}}
{"timestamp": "2026-02-20T04:17:19.701224", "type": "Stop", "data": {"session_id": "71b693bc-06dd-4b4d-b1bf-ff71203dff0f", "cwd": "/Users/caseysimon/HealthAppTransfer", "permission_mode": "default", "stop_hook_active": false}}
{"timestamp": "2026-02-20T04:17:36.093975", "type": "Stop", "data": {"session_id": "71b693bc-06dd-4b4d-b1bf-ff71203dff0f", "cwd": "/Users/caseysimon/HealthAppTransfer", "permission_mode": "default", "stop_hook_active": true}}
{"timestamp": "2026-02-20T04:17:36.094296", "type": "Stop", "data": {"session_id": "71b693bc-06dd-4b4d-b1bf-ff71203dff0f", "cwd": "/Users/caseysimon/HealthAppTransfer", "permission_mode": "default", "stop_hook_active": true}}
{"timestamp": "2026-02-20T04:19:44.145047", "type": "Stop", "data": {"session_id": "a0549fad-80d2-4bee-8aea-6eab04e479bc", "cwd": "/Users/caseysimon/HealthAppTransfer", "permission_mode": "default", "stop_hook_active": false}}
{"timestamp": "2026-02-20T04:19:44.145357", "type": "Stop", "data": {"session_id": "a0549fad-80d2-4bee-8aea-6eab04e479bc", "cwd": "/Users/caseysimon/HealthAppTransfer", "permission_mode": "default", "stop_hook_active": false}}
{"timestamp": "2026-02-20T04:19:55.691326", "type": "Stop", "data": {"session_id": "a0549fad-80d2-4bee-8aea-6eab04e479bc", "cwd": "/Users/caseysimon/HealthAppTransfer", "permission_mode": "default", "stop_hook_active": true}}
{"timestamp": "2026-02-20T04:19:55.691621", "type": "Stop", "data": {"session_id": "a0549fad-80d2-4bee-8aea-6eab04e479bc", "cwd": "/Users/caseysimon/HealthAppTransfer", "permission_mode": "default", "stop_hook_active": true}}
{"timestamp": "2026-02-20T04:22:37.675322", "type": "Stop", "data": {"session_id": "c044995a-f132-46fe-a319-a414b28739ac", "cwd": "/Users/caseysimon/HealthAppTransfer", "permission_mode": "default", "stop_hook_active": false}}
{"timestamp": "2026-02-20T04:22:37.674952", "type": "Stop", "data": {"session_id": "c044995a-f132-46fe-a319-a414b28739ac", "cwd": "/Users/caseysimon/HealthAppTransfer", "permission_mode": "default", "stop_hook_active": false}}
{"timestamp": "2026-02-20T04:22:54.976545", "type": "Stop", "data": {"session_id": "c044995a-f132-46fe-a319-a414b28739ac", "cwd": "/Users/caseysimon/HealthAppTransfer", "permission_mode": "default", "stop_hook_active": true}}
{"timestamp": "2026-02-20T04:22:54.977626", "type": "Stop", "data": {"session_id": "c044995a-f132-46fe-a319-a414b28739ac", "cwd": "/Users/caseysimon/HealthAppTransfer", "permission_mode": "default", "stop_hook_active": true}}
{"timestamp": "2026-02-20T04:29:05.413982", "type": "Stop", "data": {"session_id": "1015c8a6-dbdc-40ae-897b-8d80e56ad769", "cwd": "/Users/caseysimon/HealthAppTransfer", "permission_mode": "default", "stop_hook_active": false}}
{"timestamp": "2026-02-20T04:29:05.414368", "type": "Stop", "data": {"session_id": "1015c8a6-dbdc-40ae-897b-8d80e56ad769", "cwd": "/Users/caseysimon/HealthAppTransfer", "permission_mode": "default", "stop_hook_active": false}}
{"timestamp": "2026-02-20T04:29:25.521109", "type": "Stop", "data": {"session_id": "1015c8a6-dbdc-40ae-897b-8d80e56ad769", "cwd": "/Users/caseysimon/HealthAppTransfer", "permission_mode": "default", "stop_hook_active": true}}
{"timestamp": "2026-02-20T04:29:25.521755", "type": "Stop", "data": {"session_id": "1015c8a6-dbdc-40ae-897b-8d80e56ad769", "cwd": "/Users/caseysimon/HealthAppTransfer", "permission_mode": "default", "stop_hook_active": true}}
{"timestamp": "2026-02-20T04:33:17.408016", "type": "Stop", "data": {"session_id": "e1df9eff-3227-469e-bdaf-f04c2ed17276", "cwd": "/Users/caseysimon/HealthAppTransfer", "permission_mode": "default", "stop_hook_active": false}}
{"timestamp": "2026-02-20T04:33:17.408444", "type": "Stop", "data": {"session_id": "e1df9eff-3227-469e-bdaf-f04c2ed17276", "cwd": "/Users/caseysimon/HealthAppTransfer", "permission_mode": "default", "stop_hook_active": false}}
{"timestamp": "2026-02-20T04:33:33.561842", "type": "Stop", "data": {"session_id": "e1df9eff-3227-469e-bdaf-f04c2ed17276", "cwd": "/Users/caseysimon/HealthAppTransfer", "permission_mode": "default", "stop_hook_active": true}}
{"timestamp": "2026-02-20T04:33:33.562257", "type": "Stop", "data": {"session_id": "e1df9eff-3227-469e-bdaf-f04c2ed17276", "cwd": "/Users/caseysimon/HealthAppTransfer", "permission_mode": "default", "stop_hook_active": true}}
{"timestamp": "2026-02-20T04:49:44.343155", "type": "Stop", "data": {"session_id": "22f55e13-e07a-41bd-b96f-5edd937f97c7", "cwd": "/Users/caseysimon/HealthAppTransfer", "permission_mode": "default", "stop_hook_active": false}}
{"timestamp": "2026-02-20T04:49:44.343640", "type": "Stop", "data": {"session_id": "22f55e13-e07a-41bd-b96f-5edd937f97c7", "cwd": "/Users/caseysimon/HealthAppTransfer", "permission_mode": "default", "stop_hook_active": false}}
{"timestamp": "2026-02-20T04:50:00.131922", "type": "Stop", "data": {"session_id": "22f55e13-e07a-41bd-b96f-5edd937f97c7", "cwd": "/Users/caseysimon/HealthAppTransfer", "permission_mode": "default", "stop_hook_active": true}}
{"timestamp": "2026-02-20T04:50:00.133015", "type": "Stop", "data": {"session_id": "22f55e13-e07a-41bd-b96f-5edd937f97c7", "cwd": "/Users/caseysimon/HealthAppTransfer", "permission_mode": "default", "stop_hook_active": true}}
{"timestamp": "2026-02-20T04:58:34.892536", "type": "Stop", "data": {"session_id": "229308c3-fabf-4e6c-b881-05bcb9726149", "cwd": "/Users/caseysimon/HealthAppTransfer", "permission_mode": "default", "stop_hook_active": false}}
{"timestamp": "2026-02-20T04:58:34.892648", "type": "Stop", "data": {"session_id": "229308c3-fabf-4e6c-b881-05bcb9726149", "cwd": "/Users/caseysimon/HealthAppTransfer", "permission_mode": "default", "stop_hook_active": false}}
{"timestamp": "2026-02-20T04:58:52.609017", "type": "Stop", "data": {"session_id": "229308c3-fabf-4e6c-b881-05bcb9726149", "cwd": "/Users/caseysimon/HealthAppTransfer", "permission_mode": "default", "stop_hook_active": true}}
{"timestamp": "2026-02-20T04:58:52.609017", "type": "Stop", "data": {"session_id": "229308c3-fabf-4e6c-b881-05bcb9726149", "cwd": "/Users/caseysimon/HealthAppTransfer", "permission_mode": "default", "stop_hook_active": true}}
{"timestamp": "2026-02-20T05:34:42.324063", "type": "Stop", "data": {"session_id": "ddf64fb6-7ba2-4cb0-8b37-b4f9e7a86d9a", "cwd": "/Users/caseysimon/HealthAppTransfer", "permission_mode": "default", "stop_hook_active": false}}
{"timestamp": "2026-02-20T05:34:42.324209", "type": "Stop", "data": {"session_id": "ddf64fb6-7ba2-4cb0-8b37-b4f9e7a86d9a", "cwd": "/Users/caseysimon/HealthAppTransfer", "permission_mode": "default", "stop_hook_active": false}}
{"timestamp": "2026-02-20T05:35:07.768721", "type": "Stop", "data": {"session_id": "ddf64fb6-7ba2-4cb0-8b37-b4f9e7a86d9a", "cwd": "/Users/caseysimon/HealthAppTransfer", "permission_mode": "default", "stop_hook_active": true}}
{"timestamp": "2026-02-20T05:35:07.768702", "type": "Stop", "data": {"session_id": "ddf64fb6-7ba2-4cb0-8b37-b4f9e7a86d9a", "cwd": "/Users/caseysimon/HealthAppTransfer", "permission_mode": "default", "stop_hook_active": true}}
{"timestamp": "2026-02-20T05:36:29.779554", "type": "Stop", "data": {"session_id": "43797a45-1482-457c-86ee-111841a61889", "cwd": "/Users/caseysimon/HealthAppTransfer", "permission_mode": "default", "stop_hook_active": false}}
{"timestamp": "2026-02-20T05:36:29.779566", "type": "Stop", "data": {"session_id": "43797a45-1482-457c-86ee-111841a61889", "cwd": "/Users/caseysimon/HealthAppTransfer", "permission_mode": "default", "stop_hook_active": false}}
{"timestamp": "2026-02-20T05:36:41.566447", "type": "Stop", "data": {"session_id": "43797a45-1482-457c-86ee-111841a61889", "cwd": "/Users/caseysimon/HealthAppTransfer", "permission_mode": "default", "stop_hook_active": true}}
{"timestamp": "2026-02-20T05:36:41.566576", "type": "Stop", "data": {"session_id": "43797a45-1482-457c-86ee-111841a61889", "cwd": "/Users/caseysimon/HealthAppTransfer", "permission_mode": "default", "stop_hook_active": true}}
{"timestamp": "2026-02-20T05:41:35.433281", "type": "Stop", "data": {"session_id": "e1d55c76-85d8-4952-91b9-2a2c4a069c52", "cwd": "/Users/caseysimon/HealthAppTransfer", "permission_mode": "default", "stop_hook_active": false}}
{"timestamp": "2026-02-20T05:41:35.435639", "type": "Stop", "data": {"session_id": "e1d55c76-85d8-4952-91b9-2a2c4a069c52", "cwd": "/Users/caseysimon/HealthAppTransfer", "permission_mode": "default", "stop_hook_active": false}}
{"timestamp": "2026-02-20T05:41:59.275922", "type": "Stop", "data": {"session_id": "e1d55c76-85d8-4952-91b9-2a2c4a069c52", "cwd": "/Users/caseysimon/HealthAppTransfer", "permission_mode": "default", "stop_hook_active": true}}
{"timestamp": "2026-02-20T05:41:59.276467", "type": "Stop", "data": {"session_id": "e1d55c76-85d8-4952-91b9-2a2c4a069c52", "cwd": "/Users/caseysimon/HealthAppTransfer", "permission_mode": "default", "stop_hook_active": true}}
{"timestamp": "2026-02-20T05:44:20.247583", "type": "Stop", "data": {"session_id": "137552b1-8110-4fed-9aad-29bda4a5a099", "cwd": "/Users/caseysimon/HealthAppTransfer", "permission_mode": "default", "stop_hook_active": false}}
{"timestamp": "2026-02-20T05:44:20.249236", "type": "Stop", "data": {"session_id": "137552b1-8110-4fed-9aad-29bda4a5a099", "cwd": "/Users/caseysimon/HealthAppTransfer", "permission_mode": "default", "stop_hook_active": false}}
{"timestamp": "2026-02-20T05:44:48.347489", "type": "Stop", "data": {"session_id": "137552b1-8110-4fed-9aad-29bda4a5a099", "cwd": "/Users/caseysimon/HealthAppTransfer", "permission_mode": "default", "stop_hook_active": true}}
{"timestamp": "2026-02-20T05:44:48.347753", "type": "Stop", "data": {"session_id": "137552b1-8110-4fed-9aad-29bda4a5a099", "cwd": "/Users/caseysimon/HealthAppTransfer", "permission_mode": "default", "stop_hook_active": true}}
{"timestamp": "2026-02-20T05:49:00.902812", "type": "Stop", "data": {"session_id": "e3066e69-7132-4b7b-8b0e-25c816615ffd", "cwd": "/Users/caseysimon/HealthAppTransfer", "permission_mode": "default", "stop_hook_active": false}}
{"timestamp": "2026-02-20T05:49:00.902856", "type": "Stop", "data": {"session_id": "e3066e69-7132-4b7b-8b0e-25c816615ffd", "cwd": "/Users/caseysimon/HealthAppTransfer", "permission_mode": "default", "stop_hook_active": false}}
{"timestamp": "2026-02-20T05:49:25.986586", "type": "Stop", "data": {"session_id": "e3066e69-7132-4b7b-8b0e-25c816615ffd", "cwd": "/Users/caseysimon/HealthAppTransfer", "permission_mode": "default", "stop_hook_active": true}}
{"timestamp": "2026-02-20T05:49:25.986876", "type": "Stop", "data": {"session_id": "e3066e69-7132-4b7b-8b0e-25c816615ffd", "cwd": "/Users/caseysimon/HealthAppTransfer", "permission_mode": "default", "stop_hook_active": true}}
{"timestamp": "2026-02-20T05:59:10.733570", "type": "Stop", "data": {"session_id": "e146efa6-730f-4fc5-a741-b969e8ab7528", "cwd": "/Users/caseysimon/HealthAppTransfer", "permission_mode": "default", "stop_hook_active": false}}
{"timestamp": "2026-02-20T05:59:10.733610", "type": "Stop", "data": {"session_id": "e146efa6-730f-4fc5-a741-b969e8ab7528", "cwd": "/Users/caseysimon/HealthAppTransfer", "permission_mode": "default", "stop_hook_active": false}}
{"timestamp": "2026-02-20T05:59:36.757464", "type": "Stop", "data": {"session_id": "e146efa6-730f-4fc5-a741-b969e8ab7528", "cwd": "/Users/caseysimon/HealthAppTransfer", "permission_mode": "default", "stop_hook_active": true}}
{"timestamp": "2026-02-20T05:59:36.757722", "type": "Stop", "data": {"session_id": "e146efa6-730f-4fc5-a741-b969e8ab7528", "cwd": "/Users/caseysimon/HealthAppTransfer", "permission_mode": "default", "stop_hook_active": true}}
{"timestamp": "2026-02-20T06:01:34.961742", "type": "Stop", "data": {"session_id": "0b1519be-31d0-4310-93dd-f1846fce630d", "cwd": "/Users/caseysimon/HealthAppTransfer", "permission_mode": "default", "stop_hook_active": false}}
{"timestamp": "2026-02-20T06:01:34.962591", "type": "Stop", "data": {"session_id": "0b1519be-31d0-4310-93dd-f1846fce630d", "cwd": "/Users/caseysimon/HealthAppTransfer", "permission_mode": "default", "stop_hook_active": false}}
{"timestamp": "2026-02-20T06:01:48.575756", "type": "Stop", "data": {"session_id": "0b1519be-31d0-4310-93dd-f1846fce630d", "cwd": "/Users/caseysimon/HealthAppTransfer", "permission_mode": "default", "stop_hook_active": true}}
{"timestamp": "2026-02-20T06:01:48.575868", "type": "Stop", "data": {"session_id": "0b1519be-31d0-4310-93dd-f1846fce630d", "cwd": "/Users/caseysimon/HealthAppTransfer", "permission_mode": "default", "stop_hook_active": true}}
