{"timestamp": "2026-02-20 04:22:01", "tool": "Bash", "command": "xcodebuild build -project HealthAppTransfer.xcodeproj -scheme HealthAppTransfer -destination 'platform=iOS Simulator,name=iPhone 16' -quiet 2>&1"}
{"timestamp": "2026-02-20 05:55:13", "tool": "Bash", "command": "ls /Users/caseysimon/HealthAppTransfer/HealthAppTransfer.xcodeproj/xcshareddata/xcschemes/ 2>&1"}
{"timestamp": "2026-02-20 06:29:39", "tool": "Bash", "command": "xcodegen generate 2>&1"}
{"timestamp": "2026-02-20 06:29:39", "tool": "Bash", "command": "xcodegen generate 2>&1"}
{"timestamp": "2026-02-20 06:29:42", "tool": "Bash", "command": "xcodegen generate 2>&1"}
{"timestamp": "2026-02-20 06:29:42", "tool": "Bash", "command": "xcodegen generate 2>&1"}
{"timestamp": "2026-02-20 06:29:45", "tool": "Bash", "command": "xcodegen generate 2>&1"}
{"timestamp": "2026-02-20 06:29:45", "tool": "Bash", "command": "xcodegen generate 2>&1"}
{"timestamp": "2026-02-20 06:29:51", "tool": "Bash", "command": "xcodegen generate 2>&1"}
{"timestamp": "2026-02-20 06:29:51", "tool": "Bash", "command": "xcodegen generate --spec project.yml 2>&1"}
{"timestamp": "2026-02-20 06:29:58", "tool": "Bash", "command": "xcodegen generate --spec project.yml 2>&1"}
{"timestamp": "2026-02-20 06:30:03", "tool": "Bash", "command": "xcodegen generate --spec /Users/caseysimon/HealthAppTransfer/project.yml --project /Users/caseysimon/HealthAppTransfer 2>&1"}
{"timestamp": "2026-02-20 06:30:07", "tool": "Bash", "command": "xcodegen generate --spec /Users/caseysimon/HealthAppTransfer/project.yml 2>&1"}
{"timestamp": "2026-02-20 06:30:14", "tool": "Bash", "command": "xcodegen generate --spec /Users/caseysimon/HealthAppTransfer/project.yml --project /Users/caseysimon/HealthAppTransfer 2>&1"}
{"timestamp": "2026-02-20 06:30:19", "tool": "Bash", "command": "xcodegen generate --spec /Users/caseysimon/HealthAppTransfer/project.yml 2>&1"}
{"timestamp": "2026-02-20 06:30:54", "tool": "Bash", "command": "xcodegen generate 2>&1"}
{"timestamp": "2026-02-20 06:30:58", "tool": "Bash", "command": "xcodegen generate 2>&1"}
{"timestamp": "2026-02-20 06:31:01", "tool": "Bash", "command": "xcodegen generate 2>&1"}
{"timestamp": "2026-02-20 06:31:05", "tool": "Bash", "command": "xcodegen generate 2>&1"}
{"timestamp": "2026-02-20 06:31:11", "tool": "Bash", "command": "xcodegen generate --spec /Users/caseysimon/HealthAppTransfer/project.yml 2>&1"}
